<?xml version="1.0" encoding="UTF-8"?>
<testsuite name="TestNamedArguments" tests="1" skipped="0" failures="0" errors="0" timestamp="2023-08-27T09:49:02" hostname="1102071M01" time="0.016">
  <properties/>
  <testcase name="testJoinToString" classname="TestNamedArguments" time="0.016"/>
  <system-out><![CDATA[]]></system-out>
  <system-err><![CDATA[]]></system-err>
</testsuite>
