<?xml version="1.0" encoding="UTF-8"?>
<testsuite name="TestForLoop" tests="2" skipped="0" failures="0" errors="0" timestamp="2023-09-04T16:25:25" hostname="1102071M01" time="0.009">
  <properties/>
  <testcase name="testIterateOverDateRange" classname="TestForLoop" time="0.008"/>
  <testcase name="testIterateOverEmptyRange" classname="TestForLoop" time="0.001"/>
  <system-out><![CDATA[]]></system-out>
  <system-err><![CDATA[]]></system-err>
</testsuite>
